[2016-04-08 01:55:56] START
[2016-04-08 01:56:29] EDIT sentimentAnalysis/controllers/default.py: 2
[2016-04-08 01:57:38] EDIT sentimentAnalysis/controllers/default.py: 0
[2016-04-08 01:57:59] CREATE default/show.html: 0
[2016-04-08 01:58:07] EDIT sentimentAnalysis/views/default/show.html: -2
[2016-04-08 02:03:42] EDIT sentimentAnalysis/views/default/show.html: 76
[2016-04-08 02:05:26] EDIT sentimentAnalysis/views/default/show.html: 76
[2016-04-08 02:05:55] EDIT sentimentAnalysis/views/default/show.html: -9
[2016-04-08 02:06:38] EDIT sentimentAnalysis/views/default/show.html: -94
[2016-04-08 02:07:46] EDIT sentimentAnalysis/views/default/show.html: 1
[2016-04-08 02:09:54] EDIT sentimentAnalysis/controllers/default.py: 0
[2016-04-08 02:09:56] EDIT sentimentAnalysis/views/default/show.html: 0
[2016-04-08 02:09:57] EDIT sentimentAnalysis/views/default/show.html: 0
[2016-04-08 02:10:27] EDIT sentimentAnalysis/views/default/show.html: -15
[2016-04-08 02:10:51] EDIT sentimentAnalysis/views/default/show.html: 0
[2016-04-08 02:10:51] EDIT sentimentAnalysis/views/default/show.html: 0
[2016-04-08 02:11:00] EDIT sentimentAnalysis/views/default/show.html: 0
[2016-04-08 02:11:16] EDIT sentimentAnalysis/views/default/show.html: 0
[2016-04-08 02:11:32] EDIT sentimentAnalysis/views/default/show.html: 0
[2016-04-08 02:11:44] EDIT sentimentAnalysis/views/default/show.html: 0
[2016-04-08 02:11:59] EDIT sentimentAnalysis/views/default/show.html: -1
[2016-04-08 02:12:01] EDIT sentimentAnalysis/views/default/show.html: 0
[2016-04-08 02:12:30] EDIT sentimentAnalysis/views/layout.html: -21
[2016-04-08 02:14:14] EDIT sentimentAnalysis/views/layout.html: 0
[2016-04-08 02:14:30] EDIT sentimentAnalysis/controllers/default.py: 1
[2016-04-08 02:14:47] EDIT sentimentAnalysis/controllers/default.py: 0
[2016-04-08 02:14:59] EDIT sentimentAnalysis/views/default/show.html: 0
[2016-04-08 02:16:27] EDIT sentimentAnalysis/views/default/show.html: 0
[2016-04-08 02:17:37] EDIT sentimentAnalysis/views/default/show.html: 4
[2016-04-08 02:18:17] EDIT sentimentAnalysis/views/default/show.html: 8
[2016-04-08 02:22:53] EDIT sentimentAnalysis/views/default/show.html: 0
[2016-04-08 02:23:19] EDIT sentimentAnalysis/views/default/show.html: 0
[2016-04-08 02:26:06] EDIT sentimentAnalysis/views/default/show.html: 0
[2016-04-08 02:26:33] EDIT sentimentAnalysis/views/default/show.html: 0
[2016-04-08 02:27:36] EDIT sentimentAnalysis/views/default/show.html: 4
[2016-04-08 02:27:53] EDIT sentimentAnalysis/views/default/show.html: 0
[2016-04-08 02:28:04] EDIT sentimentAnalysis/views/default/show.html: 0
[2016-04-08 02:28:18] EDIT sentimentAnalysis/views/default/show.html: 0
[2016-04-08 02:29:21] EDIT sentimentAnalysis/views/default/show.html: 0
[2016-04-08 02:29:42] EDIT sentimentAnalysis/views/default/show.html: 0
[2016-04-08 02:29:49] EDIT sentimentAnalysis/views/default/show.html: 0
[2016-04-08 02:30:34] EDIT sentimentAnalysis/views/default/show.html: 0
[2016-04-08 02:32:10] EDIT sentimentAnalysis/views/default/show.html: 1
[2016-04-08 02:32:33] EDIT sentimentAnalysis/views/default/show.html: 0
[2016-04-08 02:33:05] EDIT sentimentAnalysis/views/default/show.html: 0
[2016-04-08 02:34:01] EDIT sentimentAnalysis/views/default/show.html: 0
[2016-04-08 02:34:24] EDIT sentimentAnalysis/controllers/default.py: 0
[2016-04-08 02:35:00] EDIT sentimentAnalysis/controllers/default.py: 0
[2016-04-08 02:38:18] EDIT sentimentAnalysis/views/default/show.html: 1
[2016-04-08 02:39:33] EDIT sentimentAnalysis/controllers/default.py: 0
[2016-04-08 02:40:23] EDIT sentimentAnalysis/views/default/show.html: 0
[2016-04-08 02:41:46] EDIT sentimentAnalysis/views/default/show.html: 0
[2016-04-08 02:41:53] EDIT sentimentAnalysis/views/default/show.html: 0
[2016-04-08 02:42:04] EDIT sentimentAnalysis/views/default/show.html: 0
[2016-04-08 02:42:11] EDIT sentimentAnalysis/views/default/show.html: 0
[2016-04-08 02:42:17] EDIT sentimentAnalysis/views/default/show.html: 0
[2016-04-08 02:43:47] EDIT sentimentAnalysis/controllers/default.py: 0
[2016-04-08 02:43:56] EDIT sentimentAnalysis/controllers/default.py: 0
[2016-04-08 02:44:04] EDIT sentimentAnalysis/views/default/show.html: 0
[2016-04-08 02:45:56] EDIT sentimentAnalysis/views/default/show.html: 3
[2016-04-08 02:46:21] EDIT sentimentAnalysis/views/default/show.html: 0
[2016-04-08 02:46:51] EDIT sentimentAnalysis/views/default/show.html: 15
[2016-04-08 02:47:07] EDIT sentimentAnalysis/views/default/show.html: 9
[2016-04-08 02:48:00] EDIT sentimentAnalysis/controllers/default.py: 0
[2016-04-08 02:48:21] EDIT sentimentAnalysis/controllers/default.py: 0
[2016-04-08 02:49:39] EDIT sentimentAnalysis/views/default/show.html: 0
[2016-04-08 02:49:41] EDIT sentimentAnalysis/views/default/show.html: 0
[2016-04-08 02:50:33] EDIT sentimentAnalysis/views/default/show.html: 0
[2016-04-08 11:24:32] EDIT sentimentAnalysis/views/default/show.html: -2
[2016-04-08 11:24:46] EDIT sentimentAnalysis/views/default/show.html: 0
[2016-04-08 11:25:21] EDIT sentimentAnalysis/views/layout.html: -9
[2016-04-08 11:26:27] EDIT sentimentAnalysis/views/layout.html: -2
[2016-04-08 11:28:07] EDIT sentimentAnalysis/views/default/show.html: -4
[2016-04-08 11:28:46] EDIT sentimentAnalysis/views/default/show.html: 4
[2016-04-08 11:29:03] EDIT sentimentAnalysis/views/default/show.html: 0
[2016-04-08 11:33:10] EDIT sentimentAnalysis/views/default/show.html: 0
[2016-04-08 11:33:46] EDIT sentimentAnalysis/views/default/show.html: 0
[2016-04-08 11:34:24] EDIT sentimentAnalysis/views/default/show.html: 0
[2016-04-08 11:34:50] EDIT sentimentAnalysis/views/default/show.html: -1
[2016-04-08 12:10:33] EDIT sentimentAnalysis/views/default/show.html: 0
[2016-04-08 12:10:48] EDIT sentimentAnalysis/views/default/show.html: 0
[2016-04-08 12:11:48] EDIT sentimentAnalysis/views/default/show.html: 0
[2016-04-08 13:27:16] EDIT sentimentAnalysis/views/default/show.html: 0
[2016-04-08 13:30:22] EDIT sentimentAnalysis/views/default/show.html: 0
[2016-04-08 13:30:54] EDIT sentimentAnalysis/controllers/default.py: 0
[2016-04-08 13:31:38] EDIT sentimentAnalysis/views/default/show.html: 0
[2016-04-08 13:31:44] EDIT sentimentAnalysis/views/default/show.html: 0
[2016-04-08 13:36:49] EDIT sentimentAnalysis/views/default/show.html: 4
[2016-04-08 13:37:06] EDIT sentimentAnalysis/views/default/show.html: 0
[2016-04-08 13:41:18] EDIT sentimentAnalysis/views/default/show.html: 4
[2016-04-08 13:41:35] EDIT sentimentAnalysis/views/default/show.html: 0
[2016-04-08 13:41:38] EDIT sentimentAnalysis/views/default/show.html: 0
